
******** Loading object SkeletalMesh4'SK_CH_IM03_00.SK_CH_IM03_00' ********

ERROR: Serializing behind stopper (9D956+926800 > 2A1BF2)
FFileReader::Serialize: File=SK_CH_IM03_00.uexp <- TArray::SerializeSimple <- SerializeBulkArray <- FMultisizeIndexContainer<< <- FStaticLODModel4::SerializeRenderItem_Legacy <- FStaticLODModel4::SerializeRenderItem <- TArray::Serialize: 0/5 <- USkeletalMesh4::Serialize <- LoadObject: SkeletalMesh4'SK_CH_IM03_00.SK_CH_IM03_00', pos=9E9AA, ver=517/0 (unversioned), game=ue4.23 <- UObject::EndLoad <- LoadWholePackage: Content/Character/Mount/IM03_00/Model/SK_CH_IM03_00.uasset <- CUmodelApp::ShowPackageUI <- Main: umodel_build=1587


******** Loading object SkeletalMesh4'SK_CH_E003_05_P00.SK_CH_E003_05_P00' ********

ERROR: Serializing behind stopper (D34E8+E0E800 > 3774E6)
FFileReader::Serialize: File=SK_CH_E003_05_P00.uexp <- TArray::SerializeSimple <- SerializeBulkArray <- FMultisizeIndexContainer<< <- FStaticLODModel4::SerializeRenderItem_Legacy <- FStaticLODModel4::SerializeRenderItem <- TArray::Serialize: 0/5 <- USkeletalMesh4::Serialize <- LoadObject: SkeletalMesh4'SK_CH_E003_05_P00.SK_CH_E003_05_P00', pos=D4023, ver=517/0 (unversioned), game=ue4.23 <- UObject::EndLoad <- LoadWholePackage: Content/Character/Weapon/WE/SK_CH_E003_05_P00/Model/SK_CH_E003_05_P00.uasset <- CUmodelApp::ShowPackageUI <- CUmodelApp::ProcessKey: key=6F, down=1 <- VisualizerLoop <- Main: umodel_build=1587


******** Loading object SkeletalMesh4'SK_CH_item_02a.SK_CH_item_02a' ********

ERROR: Serializing behind stopper (1414E+153400 > 2013C)
FFileReader::Serialize: File=SK_CH_item_02a.uexp <- TArray::SerializeSimple <- SerializeBulkArray <- FMultisizeIndexContainer<< <- FStaticLODModel4::SerializeRenderItem_Legacy <- FStaticLODModel4::SerializeRenderItem <- TArray::Serialize: 0/1 <- USkeletalMesh4::Serialize <- LoadObject: SkeletalMesh4'SK_CH_item_02a.SK_CH_item_02a', pos=14C09, ver=517/0 (unversioned), game=ue4.23 <- UObject::EndLoad <- LoadWholePackage: Content/Character/Item/SK_CH_item_02/Model/SK_CH_item_02a.uasset <- CUmodelApp::ShowPackageUI <- CUmodelApp::ProcessKey: key=6F, down=1 <- VisualizerLoop <- Main: umodel_build=1587


******** Loading object SkeletalMesh4'SK_CH_IM03_00.SK_CH_IM03_00' ********

ERROR: Memory: bad allocation size -1172391328 bytes
appMalloc: size=-1172391328 (total=13 Mbytes) <- FArray::Empty: 401283052 x 72 <- TArray::Serialize: 0/0 <- FStaticLODModel4::SerializeRenderItem <- TArray::Serialize: 2/5 <- USkeletalMesh4::Serialize <- LoadObject: SkeletalMesh4'SK_CH_IM03_00.SK_CH_IM03_00', pos=E3FA6, ver=518/0 (unversioned), game=ue4.24 <- UObject::EndLoad <- LoadWholePackage: Content/Character/Mount/IM03_00/Model/SK_CH_IM03_00.uasset <- CUmodelApp::ShowPackageUI <- CUmodelApp::ProcessKey: key=6F, down=1 <- VisualizerLoop <- Main: umodel_build=1587


******** Loading object SkeletalMesh4'SK_CH_cmn_Ani_00_00.SK_CH_cmn_Ani_00_00' ********

ERROR: Serializing behind stopper (2678+500000 > 12A414)
FFileReader::Serialize: File=SK_CH_cmn_Ani_00_00.uexp <- TArray::SerializeSimple <- FStaticLODModel4::SerializeRenderItem <- TArray::Serialize: 1/5 <- USkeletalMesh4::Serialize <- LoadObject: SkeletalMesh4'SK_CH_cmn_Ani_00_00.SK_CH_cmn_Ani_00_00', pos=3585, ver=518/0 (unversioned), game=ue4.24 <- UObject::EndLoad <- LoadWholePackage: Content/Character/animal/SK_CH_cmn_Ani_00_00/Model/SK_CH_cmn_Ani_00_00.uasset <- CUmodelApp::ShowPackageUI <- Main: umodel_build=1587


******** Loading object StaticMesh4'SK_CH_F000_face_00_LOD.SK_CH_F000_face_00_LOD' ********

ERROR: Serializing behind stopper (7C8+5AC0000 > 226A)
FPakFile::Serialize: file=/Game/Character/Creation/F000/Face/F000_fac_000/Model/SK_CH_F000_face_00_LOD.uexp <- TArray::SerializeSimple <- SerializeBulkArray <- FPositionVertexBuffer4<< <- FStaticMeshLODModel4::SerializeBuffers <- FStaticMeshLODModel4<< <- TArray::Serialize: 0/1 <- UStaticMesh4::Serialize <- LoadObject: StaticMesh4'SK_CH_F000_face_00_LOD.SK_CH_F000_face_00_LOD', pos=122C, ver=522/0 (unversioned), game=ue4.27 <- UObject::EndLoad <- LoadWholePackage: /Game/Character/Creation/F000/Face/F000_fac_000/Model/SK_CH_F000_face_00_LOD.uasset <- CUmodelApp::ShowPackageUI <- CUmodelApp::ProcessKey: key=6F, down=1 <- VisualizerLoop <- Main: umodel_build=1579 based


******** Loading object StaticMesh4'SM_CH_C000_acc_bdb_wng_002_000.SM_CH_C000_acc_bdb_wng_002_000' ********

ERROR: assertion failed: Pos >= 0 && Pos < Info->UncompressedSize

FPakFile::Seek: file=/Game/Character/Creation/C000/Accessory/BodyBack/C000_acc_bdb_wng_002_000/Model/SM_CH_C000_acc_bdb_wng_002_000.uexp <- FByteBulkData::SerializeData <- FByteBulkData::Serialize <- FStaticMeshLODModel4<< <- TArray::Serialize: 0/4 <- UStaticMesh4::Serialize <- LoadObject: StaticMesh4'SM_CH_C000_acc_bdb_wng_002_000.SM_CH_C000_acc_bdb_wng_002_000', pos=1283, ver=522/0 (unversioned), game=ue4.27 <- UObject::EndLoad <- LoadWholePackage: /Game/Character/Creation/C000/Accessory/BodyBack/C000_acc_bdb_wng_002_000/Model/SM_CH_C000_acc_bdb_wng_002_000.uasset <- ExportPackages <- UIMenuItem::HandleCommand <- UIMenu::Popup <- UIBaseDialog::WndProc <- UIBaseDialog::CustomMessageLoop <- UIBaseDialog::ShowDialog: modal=1, title="Choose a package to open" <- CUmodelApp::ShowPackageUI <- Main: umodel_build=1579 based


******** Loading object StaticMesh4'SM_CH_GM_00_00.SM_CH_GM_00_00' ********

ERROR: Serializing behind stopper (4333B+4 > 4333B)
FPakFile::Serialize: file=/Game/Character/Gimmck/SK_CH_GM00_00/Model/SM_CH_GM_00_00.uexp <- TArray::Serialize: 7579/67841 <- FStaticMeshLODModel4<< <- TArray::Serialize: 1/4 <- UStaticMesh4::Serialize <- LoadObject: StaticMesh4'SM_CH_GM_00_00.SM_CH_GM_00_00', pos=43D65, ver=522/0 (unversioned), game=ue4.27 <- UObject::EndLoad <- LoadWholePackage: /Game/Character/Gimmck/SK_CH_GM00_00/Model/SM_CH_GM_00_00.uasset <- CUmodelApp::ShowPackageUI <- CUmodelApp::ProcessKey: key=6F, down=1 <- VisualizerLoop <- Main: umodel_build=1579 based


******** Loading object StaticMesh4'SK_CH_E001_13_P00.SK_CH_E001_13_P00' ********

ERROR: assertion failed: Pos >= 0 && Pos < Info->UncompressedSize

FPakFile::Seek: file=/Game/Character/Enemy/E001_13/Model/SK_CH_E001_13_P00.uexp <- FByteBulkData::SerializeData <- FByteBulkData::Serialize <- FStaticMeshLODModel4<< <- TArray::Serialize: 0/4 <- UStaticMesh4::Serialize <- LoadObject: StaticMesh4'SK_CH_E001_13_P00.SK_CH_E001_13_P00', pos=1313, ver=522/0 (unversioned), game=ue4.27 <- UObject::EndLoad <- LoadWholePackage: /Game/Character/Enemy/E001_13/Model/SK_CH_E001_13_P00.uasset <- ExportPackages <- UIMenuItem::HandleCommand <- UIMenu::Popup <- UIBaseDialog::WndProc31648



******** Loading object StaticMesh4'SK_CH_E001_13_P00.SK_CH_E001_13_P00' ********

ERROR: assertion failed: Pos >= 0 && Pos < Info->UncompressedSize

FPakFile::Seek: file=/Game/Character/Enemy/E001_13/Model/SK_CH_E001_13_P00.uexp <- FByteBulkData::SerializeData <- FByteBulkData::Serialize <- FStaticMeshLODModel4<< <- TArray::Serialize: 0/4 <- UStaticMesh4::Serialize <- LoadObject: StaticMesh4'SK_CH_E001_13_P00.SK_CH_E001_13_P00', pos=1313, ver=522/0 (unversioned), game=ue4.27 <- UObject::EndLoad <- LoadWholePackage: /Game/Character/Enemy/E001_13/Model/SK_CH_E001_13_P00.uasset <- ExportPackages <- UIMenuItem::HandleCommand <- UIMenu::Popup <- UIBaseDialog::WndProc <- UIBaseDialog::CustomMessageLoop <- UIBaseDialog::ShowDialog: modal=1, title="Choose a package to open" <- CUmodelApp::ShowPackageUI <- Main: umodel_build=1579 based


******** Loading object StaticMesh4'SK_CH_E001_13_P02.SK_CH_E001_13_P02' ********

ERROR: Serializing behind stopper (30737+4 > 30737)
FPakFile::Serialize: file=/Game/Character/Enemy/E001_13/Model/SK_CH_E001_13_P02.uexp <- FArchive::ByteOrderSerialize <- TArray::Serialize: 5446/67841 <- FStaticMeshLODModel4<< <- TArray::Serialize: 1/4 <- UStaticMesh4::Serialize <- LoadObject: StaticMesh4'SK_CH_E001_13_P02.SK_CH_E001_13_P02', pos=31176, ver=522/0 (unversioned), game=ue4.27 <- UObject::EndLoad <- LoadWholePackage: /Game/Character/Enemy/E001_13/Model/SK_CH_E001_13_P02.uasset <- CUmodelApp::ShowPackageUI <- CUmodelApp::ProcessKey: key=6F, down=1 <- VisualizerLoop <- Main: umodel_build=1579 based


******** Loading object StaticMesh4'SK_CH_E001_13_P00.SK_CH_E001_13_P00' ********

ERROR: assertion failed: Pos >= 0 && Pos < Info->UncompressedSize

FPakFile::Seek: file=/Game/Character/Enemy/E001_13/Model/SK_CH_E001_13_P00.uexp <- FByteBulkData::SerializeData <- FByteBulkData::Serialize <- FStaticMeshLODModel4<< <- TArray::Serialize: 0/4 <- UStaticMesh4::Serialize <- LoadObject: StaticMesh4'SK_CH_E001_13_P00.SK_CH_E001_13_P00', pos=1313, ver=522/0 (unversioned), game=ue4.27 <- UObject::EndLoad <- LoadWholePackage: /Game/Character/Enemy/E001_13/Model/SK_CH_E001_13_P00.uasset <- CUmodelApp::ShowPackageUI <- CUmodelApp::ProcessKey: key=6F, down=1 <- VisualizerLoop <- Main: umodel_build=1579 based


******** Loading object StaticMesh4'SK_CH_E001_13_P08.SK_CH_E001_13_P08' ********

ERROR: Serializing behind stopper (327EF+4 > 327EF)
FPakFile::Serialize: file=/Game/Character/Enemy/E001_13/Model/SK_CH_E001_13_P08.uexp <- FArchive::ByteOrderSerialize <- TArray::Serialize: 5679/67841 <- FStaticMeshLODModel4<< <- TArray::Serialize: 1/4 <- UStaticMesh4::Serialize <- LoadObject: StaticMesh4'SK_CH_E001_13_P08.SK_CH_E001_13_P08', pos=3322E, ver=522/0 (unversioned), game=ue4.27 <- UObject::EndLoad <- LoadWholePackage: /Game/Character/Enemy/E001_13/Model/SK_CH_E001_13_P08.uasset <- CUmodelApp::ShowPackageUI <- CUmodelApp::ProcessKey: key=6F, down=1 <- VisualizerLoop <- Main: umodel_build=1579 based

ERROR: Memory: bad allocation size -1491457224 bytes
appMalloc: size=-1491457224 (total=31 Mbytes) <- FArray::Empty: 949453722 x 12 <- FPackageFileSummary::Serialize4 <- FPackageFileSummary<<: Ver=0/0 <- UnPackage::UnPackage: /Pal/Content/KB3D_ELS_Tree_A_Main_kotaroTest.uasset, ver=525/0, game=ue5 <- UnPackage::LoadPackage(info): /Pal/Content/KB3D_ELS_Tree_A_Main_kotaroTest.uasset <- UIMenuItem::HandleCommand <- UIMenu::Popup <- UIBaseDialog::WndProc <- UIBaseDialog::CustomMessageLoop <- UIBaseDialog::ShowDialog: modal=1, title="Choose a package to open" <- CUmodelApp::ShowPackageUI <- Main: umodel_build=1579 based fix7

ERROR: Access violation (C0000005) at umodel_materials_ue5.exe+0xF4F69
FPackageFileSummary::Serialize4 <- FPackageFileSummary<<: Ver=0/0 <- UnPackage::UnPackage: /Pal/Content/Pal/Material/UI/MF_HSVToRGB.uasset, ver=525/0, game=ue5 <- UnPackage::LoadPackage(info): /Pal/Content/Pal/Material/UI/MF_HSVToRGB.uasset <- UIMenuItem::HandleCommand <- UIMenu::Popup <- UIBaseDialog::WndProc <- UIBaseDialog::CustomMessageLoop <- UIBaseDialog::ShowDialog: modal=1, title="Choose a package to open" <- CUmodelApp::ShowPackageUI <- Main: umodel_build=1579 based fix7

ERROR: Memory: bad allocation size -382566660 bytes
appMalloc: size=-382566660 (total=31 Mbytes) <- FArray::Empty: 1041861269 x 12 <- FPackageFileSummary::Serialize4 <- FPackageFileSummary<<: Ver=0/0 <- UnPackage::UnPackage: /Pal/Content/Pal/Texture/Battle/T_QuestionMark.uasset, ver=525/0, game=ue5 <- UnPackage::LoadPackage(info): /Pal/Content/Pal/Texture/Battle/T_QuestionMark.uasset <- UIMenuItem::HandleCommand <- UIMenu::Popup <- UIBaseDialog::WndProc <- UIBaseDialog::CustomMessageLoop <- UIBaseDialog::ShowDialog: modal=1, title="Choose a package to open" <- CUmodelApp::ShowPackageUI <- Main: umodel_build=1579 based fix7


******** Loading object SkeletalMesh4'SK_CH_E003_05_P00.SK_CH_E003_05_P00' ********

ERROR: Serializing behind stopper (1EE0+4000200 > 24D44B)
FPakFile::Serialize: file=/Game/Character/Weapon/WE/SK_CH_E003_05_P00/Model/SK_CH_E003_05_P00.uexp <- TArray::SerializeSimple <- FStaticLODModel4::SerializeRenderItem_Legacy <- FStaticLODModel4::SerializeRenderItem <- TArray::Serialize: 0/4 <- USkeletalMesh4::Serialize <- LoadObject: SkeletalMesh4'SK_CH_E003_05_P00.SK_CH_E003_05_P00', pos=2C08, ver=517/0 (unversioned), game=bluep <- UObject::EndLoad <- LoadWholePackage: /Game/Character/Weapon/WE/SK_CH_E003_05_P00/Model/SK_CH_E003_05_P00.uasset <- ExportPackages <- Main: umodel_build=1579 based


******** Loading object SkeletalMesh4'SK_CH_WP01_sav_01.SK_CH_WP01_sav_01' ********

ERROR: Serializing behind stopper (A35+4000200 > 10C05C)
FPakFile::Serialize: file=/Game/Character/Weapon/WP/SK_CH_WP01_sav_01/model/SK_CH_WP01_sav_01.uexp <- TArray::SerializeSimple <- FStaticLODModel4::SerializeRenderItem_Legacy <- FStaticLODModel4::SerializeRenderItem <- TArray::Serialize: 0/1 <- USkeletalMesh4::Serialize <- LoadObject: SkeletalMesh4'SK_CH_WP01_sav_01.SK_CH_WP01_sav_01', pos=18A6, ver=517/0 (unversioned), game=bluep <- UObject::EndLoad <- LoadWholePackage: /Game/Character/Weapon/WP/SK_CH_WP01_sav_01/model/SK_CH_WP01_sav_01.uasset <- ExportPackages <- Main: umodel_build=1579 based


******** Loading object SkeletalMesh4'SK_CH_WP01_sav_01.SK_CH_WP01_sav_01' ********

ERROR: Serializing behind stopper (A35+4000200 > 10C05C)
FPakFile::Serialize: file=/Game/Character/Weapon/WP/SK_CH_WP01_sav_01/model/SK_CH_WP01_sav_01.uexp <- TArray::SerializeSimple <- FStaticLODModel4::SerializeRenderItem_Legacy <- FStaticLODModel4::SerializeRenderItem <- TArray::Serialize: 0/1 <- USkeletalMesh4::Serialize <- LoadObject: SkeletalMesh4'SK_CH_WP01_sav_01.SK_CH_WP01_sav_01', pos=18A6, ver=517/0 (unversioned), game=bluep <- UObject::EndLoad <- Main: umodel_build=1579 based


******** Loading object SkeletalMesh4'SK_CH_WP01_sav_01.SK_CH_WP01_sav_01' ********

ERROR: Serializing behind stopper (A35+4000200 > 10C05C)
FPakFile::Serialize: file=/Game/Character/Weapon/WP/SK_CH_WP01_sav_01/model/SK_CH_WP01_sav_01.uexp <- TArray::SerializeSimple <- FStaticLODModel4::SerializeRenderItem_Legacy <- FStaticLODModel4::SerializeRenderItem <- TArray::Serialize: 0/1 <- USkeletalMesh4::Serialize <- LoadObject: SkeletalMesh4'SK_CH_WP01_sav_01.SK_CH_WP01_sav_01', pos=18A6, ver=517/0 (unversioned), game=bluep <- UObject::EndLoad <- LoadWholePackage: /Game/Character/Weapon/WP/SK_CH_WP01_sav_01/model/SK_CH_WP01_sav_01.uasset <- ExportPackages <- Main: umodel_build=1579 based


******** Loading object SkeletalMesh4'SK_CH_WP01_sav_01.SK_CH_WP01_sav_01' ********

ERROR: Serializing behind stopper (A35+4000200 > 10C05C)
FPakFile::Serialize: file=/Game/Character/Weapon/WP/SK_CH_WP01_sav_01/model/SK_CH_WP01_sav_01.uexp <- TArray::SerializeSimple <- FStaticLODModel4::SerializeRenderItem_Legacy <- FStaticLODModel4::SerializeRenderItem <- TArray::Serialize: 0/1 <- USkeletalMesh4::Serialize <- LoadObject: SkeletalMesh4'SK_CH_WP01_sav_01.SK_CH_WP01_sav_01', pos=18A6, ver=517/0 (unversioned), game=bluep <- UObject::EndLoad <- LoadWholePackage: /Game/Character/Weapon/WP/SK_CH_WP01_sav_01/model/SK_CH_WP01_sav_01.uasset <- ExportPackages <- Main: umodel_build=1579 based


******** Loading object SkeletalMesh4'SK_CH_WP01_sav_01.SK_CH_WP01_sav_01' ********

ERROR: Serializing behind stopper (A35+4000200 > 10C05C)
FPakFile::Serialize: file=/Game/Character/Weapon/WP/SK_CH_WP01_sav_01/model/SK_CH_WP01_sav_01.uexp <- TArray::SerializeSimple <- FStaticLODModel4::SerializeRenderItem_Legacy <- FStaticLODModel4::SerializeRenderItem <- TArray::Serialize: 0/1 <- USkeletalMesh4::Serialize <- LoadObject: SkeletalMesh4'SK_CH_WP01_sav_01.SK_CH_WP01_sav_01', pos=18A6, ver=517/0 (unversioned), game=bluep <- UObject::EndLoad <- Main: umodel_build=1579 based


******** Loading object SkeletalMesh4'SK_CH_WP01_sav_01.SK_CH_WP01_sav_01' ********

ERROR: Serializing behind stopper (A35+4000200 > 10C05C)
FPakFile::Serialize: file=/Game/Character/Weapon/WP/SK_CH_WP01_sav_01/model/SK_CH_WP01_sav_01.uexp <- TArray::SerializeSimple <- FStaticLODModel4::SerializeRenderItem_Legacy <- FStaticLODModel4::SerializeRenderItem <- TArray::Serialize: 0/1 <- USkeletalMesh4::Serialize <- LoadObject: SkeletalMesh4'SK_CH_WP01_sav_01.SK_CH_WP01_sav_01', pos=18A6, ver=517/0 (unversioned), game=bluep <- UObject::EndLoad <- Main: umodel_build=1579 based


******** Loading object SkeletalMesh4'SK_CH_WP01_sav_01.SK_CH_WP01_sav_01' ********

ERROR: Serializing behind stopper (A35+4000200 > 10C05C)
FPakFile::Serialize: file=/Game/Character/Weapon/WP/SK_CH_WP01_sav_01/model/SK_CH_WP01_sav_01.uexp <- TArray::SerializeSimple <- FStaticLODModel4::SerializeRenderItem_Legacy <- FStaticLODModel4::SerializeRenderItem <- TArray::Serialize: 0/1 <- USkeletalMesh4::Serialize <- LoadObject: SkeletalMesh4'SK_CH_WP01_sav_01.SK_CH_WP01_sav_01', pos=18A6, ver=517/0 (unversioned), game=bluep <- UObject::EndLoad <- LoadWholePackage: /Game/Character/Weapon/WP/SK_CH_WP01_sav_01/model/SK_CH_WP01_sav_01.uasset <- ExportPackages <- Main: umodel_build=1579 based


******** Loading object SkeletalMesh4'SK_CH_WP01_sav_01.SK_CH_WP01_sav_01' ********

ERROR: Serializing behind stopper (A35+4000200 > 10C05C)
FPakFile::Serialize: file=/Game/Character/Weapon/WP/SK_CH_WP01_sav_01/model/SK_CH_WP01_sav_01.uexp <- TArray::SerializeSimple <- FStaticLODModel4::SerializeRenderItem_Legacy <- FStaticLODModel4::SerializeRenderItem <- TArray::Serialize: 0/1 <- USkeletalMesh4::Serialize <- LoadObject: SkeletalMesh4'SK_CH_WP01_sav_01.SK_CH_WP01_sav_01', pos=18A6, ver=517/0 (unversioned), game=bluep <- UObject::EndLoad <- LoadWholePackage: /Game/Character/Weapon/WP/SK_CH_WP01_sav_01/model/SK_CH_WP01_sav_01.uasset <- CUmodelApp::ShowPackageUI <- Main: umodel_build=1579 based


******** Loading object SkeletalMesh4'SK_CH_WP01_sav_01.SK_CH_WP01_sav_01' ********

ERROR: Serializing behind stopper (A35+4000200 > 10C05C)
FPakFile::Serialize: file=/Game/Character/Weapon/WP/SK_CH_WP01_sav_01/model/SK_CH_WP01_sav_01.uexp <- TArray::SerializeSimple <- FStaticLODModel4::SerializeRenderItem_Legacy <- FStaticLODModel4::SerializeRenderItem <- TArray::Serialize: 0/1 <- USkeletalMesh4::Serialize <- LoadObject: SkeletalMesh4'SK_CH_WP01_sav_01.SK_CH_WP01_sav_01', pos=18A6, ver=517/0 (unversioned), game=bluep <- UObject::EndLoad <- LoadWholePackage: /Game/Character/Weapon/WP/SK_CH_WP01_sav_01/model/SK_CH_WP01_sav_01.uasset <- ExportPackages <- Main: umodel_build=1579 based


******** Loading object SkeletalMesh4'SK_CH_WP07_AB01.SK_CH_WP07_AB01' ********

ERROR: Serializing behind stopper (1FA0+4000200 > 13F39F)
FPakFile::Serialize: file=/Game/Character/Weapon/WP/WP07/SK_CH_WP07_AB01/Model/SK_CH_WP07_AB01.uexp <- TArray::SerializeSimple <- FStaticLODModel4::SerializeRenderItem_Legacy <- FStaticLODModel4::SerializeRenderItem <- TArray::Serialize: 0/4 <- USkeletalMesh4::Serialize <- LoadObject: SkeletalMesh4'SK_CH_WP07_AB01.SK_CH_WP07_AB01', pos=2D05, ver=517/0 (unversioned), game=bluep <- UObject::EndLoad <- Main: umodel_build=1579 based


******** Loading object SkeletalMesh4'SK_CH_WP07_AB01.SK_CH_WP07_AB01' ********

ERROR: Serializing behind stopper (1FA0+4000200 > 13F39F)
FPakFile::Serialize: file=/Game/Character/Weapon/WP/WP07/SK_CH_WP07_AB01/Model/SK_CH_WP07_AB01.uexp <- TArray::SerializeSimple <- FStaticLODModel4::SerializeRenderItem_Legacy <- FStaticLODModel4::SerializeRenderItem <- TArray::Serialize: 0/4 <- USkeletalMesh4::Serialize <- LoadObject: SkeletalMesh4'SK_CH_WP07_AB01.SK_CH_WP07_AB01', pos=2D05, ver=517/0 (unversioned), game=bluep <- UObject::EndLoad <- Main: umodel_build=1579 based


******** Loading object SkeletalMesh4'SK_CH_WP07_AB01.SK_CH_WP07_AB01' ********

ERROR: Serializing behind stopper (1FA0+4000200 > 13F39F)
FPakFile::Serialize: file=/Game/Character/Weapon/WP/WP07/SK_CH_WP07_AB01/Model/SK_CH_WP07_AB01.uexp <- TArray::SerializeSimple <- FStaticLODModel4::SerializeRenderItem_Legacy <- FStaticLODModel4::SerializeRenderItem <- TArray::Serialize: 0/4 <- USkeletalMesh4::Serialize <- LoadObject: SkeletalMesh4'SK_CH_WP07_AB01.SK_CH_WP07_AB01', pos=2D05, ver=517/0 (unversioned), game=bluep <- UObject::EndLoad <- Main: umodel_build=1579 based


******** Loading object SkeletalMesh4'SK_CH_WP07_AB01.SK_CH_WP07_AB01' ********

ERROR: Serializing behind stopper (1FA0+4000200 > 13F39F)
FPakFile::Serialize: file=/Game/Character/Weapon/WP/WP07/SK_CH_WP07_AB01/Model/SK_CH_WP07_AB01.uexp <- TArray::SerializeSimple <- FStaticLODModel4::SerializeRenderItem_Legacy <- FStaticLODModel4::SerializeRenderItem <- TArray::Serialize: 0/4 <- USkeletalMesh4::Serialize <- LoadObject: SkeletalMesh4'SK_CH_WP07_AB01.SK_CH_WP07_AB01', pos=2D05, ver=517/0 (unversioned), game=bluep <- UObject::EndLoad <- Main: umodel_build=1579 based


******** Loading object SkeletalMesh4'SK_CH_WP02_AF01.SK_CH_WP02_AF01' ********

ERROR: Serializing behind stopper (1EE0+4000200 > 18DD97)
FPakFile::Serialize: file=/Game/Character/Weapon/WP/WP02/SK_CH_WP02_AF01/Model/SK_CH_WP02_AF01.uexp <- TArray::SerializeSimple <- FStaticLODModel4::SerializeRenderItem_Legacy <- FStaticLODModel4::SerializeRenderItem <- TArray::Serialize: 0/4 <- USkeletalMesh4::Serialize <- LoadObject: SkeletalMesh4'SK_CH_WP02_AF01.SK_CH_WP02_AF01', pos=2C04, ver=517/0 (unversioned), game=bluep <- UObject::EndLoad <- Main: umodel_build=1579 based


******** Loading object SkeletalMesh4'SK_CH_WP02_AF01.SK_CH_WP02_AF01' ********

ERROR: Serializing behind stopper (1EE0+4000200 > 18DD97)
FPakFile::Serialize: file=/Game/Character/Weapon/WP/WP02/SK_CH_WP02_AF01/Model/SK_CH_WP02_AF01.uexp <- TArray::SerializeSimple <- FStaticLODModel4::SerializeRenderItem_Legacy <- FStaticLODModel4::SerializeRenderItem <- TArray::Serialize: 0/4 <- USkeletalMesh4::Serialize <- LoadObject: SkeletalMesh4'SK_CH_WP02_AF01.SK_CH_WP02_AF01', pos=2C04, ver=517/0 (unversioned), game=bluep <- UObject::EndLoad <- LoadWholePackage: /Game/Character/Weapon/WP/WP02/SK_CH_WP02_AF01/Model/SK_CH_WP02_AF01.uasset <- ExportPackages <- Main: umodel_build=1579 based


******** Loading object SkeletalMesh4'SK_CH_WP02_AF01.SK_CH_WP02_AF01' ********

ERROR: Serializing behind stopper (1EE0+4000200 > 18DD97)
FPakFile::Serialize: file=/Game/Character/Weapon/WP/WP02/SK_CH_WP02_AF01/Model/SK_CH_WP02_AF01.uexp <- TArray::SerializeSimple <- FStaticLODModel4::SerializeRenderItem_Legacy <- FStaticLODModel4::SerializeRenderItem <- TArray::Serialize: 0/4 <- USkeletalMesh4::Serialize <- LoadObject: SkeletalMesh4'SK_CH_WP02_AF01.SK_CH_WP02_AF01', pos=2C04, ver=517/0 (unversioned), game=bluep <- UObject::EndLoad <- LoadWholePackage: /Game/Character/Weapon/WP/WP02/SK_CH_WP02_AF01/Model/SK_CH_WP02_AF01.uasset <- ExportPackages <- Main: umodel_build=1579 based


******** Loading object SkeletalMesh4'SK_CH_WP02_AA00.SK_CH_WP02_AA00' ********

ERROR: Serializing behind stopper (1EE0+4000200 > 4063F)
FPakFile::Serialize: file=/Game/Character/Weapon/WP/WP02/SK_CH_WP02_AA00/Model/SK_CH_WP02_AA00.uexp <- TArray::SerializeSimple <- FStaticLODModel4::SerializeRenderItem_Legacy <- FStaticLODModel4::SerializeRenderItem <- TArray::Serialize: 0/4 <- USkeletalMesh4::Serialize <- LoadObject: SkeletalMesh4'SK_CH_WP02_AA00.SK_CH_WP02_AA00', pos=2C07, ver=517/0 (unversioned), game=bluep <- UObject::EndLoad <- LoadWholePackage: /Game/Character/Weapon/WP/WP02/SK_CH_WP02_AA00/Model/SK_CH_WP02_AA00.uasset <- ExportPackages <- Main: umodel_build=1579 based


******** Loading object SkeletalMesh4'SK_CH_WP02_AA00.SK_CH_WP02_AA00' ********

ERROR: Serializing behind stopper (1EE0+4000200 > 4063F)
FPakFile::Serialize: file=/Game/Character/Weapon/WP/WP02/SK_CH_WP02_AA00/Model/SK_CH_WP02_AA00.uexp <- TArray::SerializeSimple <- FStaticLODModel4::SerializeRenderItem_Legacy <- FStaticLODModel4::SerializeRenderItem <- TArray::Serialize: 0/4 <- USkeletalMesh4::Serialize <- LoadObject: SkeletalMesh4'SK_CH_WP02_AA00.SK_CH_WP02_AA00', pos=2C07, ver=517/0 (unversioned), game=bluep <- UObject::EndLoad <- LoadWholePackage: /Game/Character/Weapon/WP/WP02/SK_CH_WP02_AA00/Model/SK_CH_WP02_AA00.uasset <- ExportPackages <- Main: umodel_build=1579 based fix7


******** Loading object SkeletalMesh4'SK_CH_WP02_AA00.SK_CH_WP02_AA00' ********

ERROR: Serializing behind stopper (1EE0+4000200 > 4063F)
FPakFile::Serialize: file=/Game/Character/Weapon/WP/WP02/SK_CH_WP02_AA00/Model/SK_CH_WP02_AA00.uexp <- TArray::SerializeSimple <- FStaticLODModel4::SerializeRenderItem_Legacy <- FStaticLODModel4::SerializeRenderItem <- TArray::Serialize: 0/4 <- USkeletalMesh4::Serialize <- LoadObject: SkeletalMesh4'SK_CH_WP02_AA00.SK_CH_WP02_AA00', pos=2C07, ver=517/0 (unversioned), game=bluep <- UObject::EndLoad <- LoadWholePackage: /Game/Character/Weapon/WP/WP02/SK_CH_WP02_AA00/Model/SK_CH_WP02_AA00.uasset <- ExportPackages <- Main: umodel_build=1579 based fix7


******** Loading object SkeletalMesh4'SK_CH_WP02_AA00.SK_CH_WP02_AA00' ********

ERROR: Serializing behind stopper (1EE0+4000200 > 4063F)
FPakFile::Serialize: file=/Game/Character/Weapon/WP/WP02/SK_CH_WP02_AA00/Model/SK_CH_WP02_AA00.uexp <- TArray::SerializeSimple <- FStaticLODModel4::SerializeRenderItem_Legacy <- FStaticLODModel4::SerializeRenderItem <- TArray::Serialize: 0/4 <- USkeletalMesh4::Serialize <- LoadObject: SkeletalMesh4'SK_CH_WP02_AA00.SK_CH_WP02_AA00', pos=2C07, ver=517/0 (unversioned), game=bluep <- UObject::EndLoad <- LoadWholePackage: /Game/Character/Weapon/WP/WP02/SK_CH_WP02_AA00/Model/SK_CH_WP02_AA00.uasset <- ExportPackages <- Main: umodel_build=1579 based fix7


******** Loading object SkeletalMesh4'SK_CH_WP02_AA00.SK_CH_WP02_AA00' ********

ERROR: Serializing behind stopper (1EE0+4000200 > 4063F)
FPakFile::Serialize: file=/Game/Character/Weapon/WP/WP02/SK_CH_WP02_AA00/Model/SK_CH_WP02_AA00.uexp <- TArray::SerializeSimple <- FStaticLODModel4::SerializeRenderItem_Legacy <- FStaticLODModel4::SerializeRenderItem <- TArray::Serialize: 0/4 <- USkeletalMesh4::Serialize <- LoadObject: SkeletalMesh4'SK_CH_WP02_AA00.SK_CH_WP02_AA00', pos=2C07, ver=517/0 (unversioned), game=bluep <- UObject::EndLoad <- LoadWholePackage: /Game/Character/Weapon/WP/WP02/SK_CH_WP02_AA00/Model/SK_CH_WP02_AA00.uasset <- ExportPackages <- Main: umodel_build=1579 based fix7


******** Loading object SkeletalMesh4'SK_CH_WP02_AA00.SK_CH_WP02_AA00' ********

ERROR: Serializing behind stopper (1EE0+4000200 > 4063F)
FPakFile::Serialize: file=/Game/Character/Weapon/WP/WP02/SK_CH_WP02_AA00/Model/SK_CH_WP02_AA00.uexp <- TArray::SerializeSimple <- FStaticLODModel4::SerializeRenderItem_Legacy <- FStaticLODModel4::SerializeRenderItem <- TArray::Serialize: 0/4 <- USkeletalMesh4::Serialize <- LoadObject: SkeletalMesh4'SK_CH_WP02_AA00.SK_CH_WP02_AA00', pos=2C07, ver=517/0 (unversioned), game=bluep <- UObject::EndLoad <- LoadWholePackage: /Game/Character/Weapon/WP/WP02/SK_CH_WP02_AA00/Model/SK_CH_WP02_AA00.uasset <- ExportPackages <- Main: umodel_build=1579 based fix7


******** Loading object SkeletalMesh4'SK_CH_WP02_AA00.SK_CH_WP02_AA00' ********

ERROR: Serializing behind stopper (1EE0+4000200 > 4063F)
FPakFile::Serialize: file=/Game/Character/Weapon/WP/WP02/SK_CH_WP02_AA00/Model/SK_CH_WP02_AA00.uexp <- TArray::SerializeSimple <- FStaticLODModel4::SerializeRenderItem_Legacy <- FStaticLODModel4::SerializeRenderItem <- TArray::Serialize: 0/4 <- USkeletalMesh4::Serialize <- LoadObject: SkeletalMesh4'SK_CH_WP02_AA00.SK_CH_WP02_AA00', pos=2C07, ver=517/0 (unversioned), game=bluep <- UObject::EndLoad <- LoadWholePackage: /Game/Character/Weapon/WP/WP02/SK_CH_WP02_AA00/Model/SK_CH_WP02_AA00.uasset <- ExportPackages <- Main: umodel_build=1579 based fix7


******** Loading object SkeletalMesh4'SK_CH_WP02_AA00.SK_CH_WP02_AA00' ********

ERROR: Memory: bad allocation size -10485762 bytes
appMalloc: size=-10485762 (total=671 Mbytes) <- FArray::Empty: -5242881 x 2 <- TArray::SerializeSimple <- FStaticLODModel4::SerializeRenderItem <- TArray::Serialize: 3/4 <- USkeletalMesh4::Serialize <- LoadObject: SkeletalMesh4'SK_CH_WP02_AA00.SK_CH_WP02_AA00', pos=391E4, ver=522/0 (unversioned), game=ue4.26 <- UObject::EndLoad <- LoadWholePackage: /Game/Character/Weapon/WP/WP02/SK_CH_WP02_AA00/Model/SK_CH_WP02_AA00.uasset <- ExportPackages <- Main: umodel_build=1579 based fix7


******** Loading object SkeletalMesh4'SK_CH_WP02_AA00.SK_CH_WP02_AA00' ********

ERROR: Memory: bad allocation size -10485762 bytes
appMalloc: size=-10485762 (total=605 Mbytes) <- FArray::Empty: -5242881 x 2 <- TArray::SerializeSimple <- FStaticLODModel4::SerializeRenderItem <- TArray::Serialize: 3/4 <- USkeletalMesh4::Serialize <- LoadObject: SkeletalMesh4'SK_CH_WP02_AA00.SK_CH_WP02_AA00', pos=391E4, ver=522/0 (unversioned), game=ue4.26 <- UObject::EndLoad <- LoadWholePackage: /Game/Character/Weapon/WP/WP02/SK_CH_WP02_AA00/Model/SK_CH_WP02_AA00.uasset <- ExportPackages <- Main: umodel_build=1579 based

